
> frontend@0.0.0 dev
> vite


  VITE v8.0.16  ready in 262 ms

  ➜  Local:   http://localhost:5173/
  ➜  Network: use --host to expose
11:58:15 AM [vite] http proxy error: /api/symbol/AAPL
Error: read ECONNRESET
    at TCP.onStreamRead (node:internal/stream_base_commons:216:20)
11:58:15 AM [vite] http proxy error: /api/top20?asset_types=stock,etf&limit=50
Error: read ECONNRESET
    at TCP.onStreamRead (node:internal/stream_base_commons:216:20)
11:58:15 AM [vite] http proxy error: /api/symbol/MSFT
Error: read ECONNRESET
    at TCP.onStreamRead (node:internal/stream_base_commons:216:20)
11:58:15 AM [vite] http proxy error: /api/chart/AAPL?period=1y&interval=1d
Error: read ECONNRESET
    at TCP.onStreamRead (node:internal/stream_base_commons:216:20)
11:58:15 AM [vite] http proxy error: /api/symbol/QQQ
Error: read ECONNRESET
    at TCP.onStreamRead (node:internal/stream_base_commons:216:20)
11:58:15 AM [vite] http proxy error: /api/symbol/SPY
Error: read ECONNRESET
    at TCP.onStreamRead (node:internal/stream_base_commons:216:20)
12:05:41 PM [vite] (client) hmr update /src/pages/Dashboard.tsx, /src/index.css
2:02:11 PM [vite] http proxy error: /api/top20?asset_types=stock,etf&limit=20
Error: read ECONNRESET
    at TCP.onStreamRead (node:internal/stream_base_commons:216:20)
2:02:13 PM [vite] http proxy error: /api/top20?asset_types=stock,etf&limit=20
AggregateError [ECONNREFUSED]: 
    at internalConnectMultiple (node:net:1134:18)
    at afterConnectMultiple (node:net:1715:7)
2:11:58 PM [vite] (client) hmr update /src/pages/Dashboard.tsx, /src/index.css
2:13:08 PM [vite] (client) hmr update /src/pages/Charts.tsx, /src/index.css
2:22:07 PM [vite] (client) hmr update /src/index.css, /src/components/TradingViewWidget.tsx
2:23:23 PM [vite] (client) hmr update /src/pages/Charts.tsx, /src/index.css
2:23:38 PM [vite] (client) hmr update /src/pages/Dashboard.tsx, /src/index.css
2:30:37 PM [vite] (client) hmr update /src/pages/Charts.tsx, /src/index.css
